11:39:02 --the opcode end--
11:40:57 --the opcode end--
11:42:46 --the opcode end--
12:24:49 Unable to load template 'file:baidu/adds.tpl'
12:24:50 controler file ctl_index.php is not exists!
12:25:56 --the opcode end--
12:25:56 controler file ctl_index.php is not exists!
12:27:11 --the opcode end--
12:27:11 controler file ctl_index.php is not exists!
13:04:54 --the opcode end--
13:04:54 controler file ctl_index.php is not exists!
15:08:01 --the opcode end--
15:08:01 controler file ctl_index.php is not exists!
15:27:07 --the opcode end--
15:27:07 controler file ctl_index.php is not exists!
15:29:47 --the opcode end--
15:29:47 controler file ctl_index.php is not exists!
16:04:06 --the opcode end--
16:04:06 controler file ctl_index.php is not exists!
17:35:32 --the opcode end--
17:35:33 controler file ctl_index.php is not exists!
17:35:35 --the opcode end--
17:35:35 controler file ctl_index.php is not exists!
17:36:59 Call to a member function read() on boolean
17:36:59 controler file ctl_index.php is not exists!
17:37:26 controler file ctl_index.php is not exists!
17:41:02 controler file ctl_index.php is not exists!
17:43:05 controler file ctl_index.php is not exists!
17:43:39 The file Session is not exists!
17:43:39 controler file ctl_index.php is not exists!
17:44:13 The file Session is not exists!
17:44:13 controler file ctl_index.php is not exists!
17:48:08 The file Session is not exists!
17:48:09 controler file ctl_index.php is not exists!
