17:51:26 i have send a email just do it !
17:51:56 i have send a email just do it !
17:52:02 i have send a email just do it !
17:52:06 i have send a email just do it !
17:52:10 i have send a email just do it !
17:53:12 i have send a email just do it !
18:13:51 i have send a email just do it !
18:21:59 i have send a email just do it !
18:22:40 i have send a email just do it !
18:23:02 i have send a email just do it !
18:44:22 i have send a email just do it !
18:47:59 i have send a email just do it !
18:48:02 i have send a email just do it !
18:51:43 --the opcode end--
18:51:43 --the opcode end--
18:53:58 --the opcode end--
18:53:58 --the opcode end--
18:53:59 --the opcode end--
18:53:59 --the opcode end--
18:54:09 --the opcode end--
18:54:09 --the opcode end--
18:54:23 --the opcode end--
20:33:38 --the opcode end--
20:33:49 --the opcode end--
20:33:58 --the opcode end--
20:34:12 --the opcode end--
20:35:25 --the opcode end--
20:35:45 --the opcode end--
20:37:55 --the opcode end--
20:37:56 --the opcode end--
20:37:58 --the opcode end--
20:38:00 --the opcode end--
20:38:00 --the opcode end--
20:38:02 --the opcode end--
20:38:04 --the opcode end--
20:38:57 --the opcode end--
20:41:08 --the opcode end--
20:41:33 --the opcode end--
20:43:33 --the opcode end--
20:43:57 --the opcode end--
20:44:28 --the opcode end--
20:44:44 --the opcode end--
20:44:44 --the opcode end--
20:44:55 --the opcode end--
20:44:55 --the opcode end--
20:45:26 --the opcode end--
20:45:30 --the opcode end--
20:45:31 --the opcode end--
20:45:45 --the opcode end--
20:45:46 --the opcode end--
20:46:49 --the opcode end--
20:50:09 --the opcode end--
20:53:02 --the opcode end--
21:06:52 --the opcode end--
21:09:55 The file /Users/gangkui/wwwroot/www/www.sephp.com/sephp/library/sephp/exceptions.php is not exists!
21:09:55 controler file ctl_index.php is not exists!
21:10:13 The file /Users/gangkui/wwwroot/www/www.sephp.com/sephp/library/sephp/exceptions.php is not exists!
21:10:13 controler file ctl_index.php is not exists!
21:11:49 The file /Users/gangkui/wwwroot/www/www.sephp.com/sephp/library/sephp/exceptions.php is not exists!
21:11:49 controler file ctl_index.php is not exists!
21:12:42 The file /Users/gangkui/wwwroot/www/www.sephp.com/sephp/library/sephp/exceptions.php is not exists!
21:12:42 controler file ctl_index.php is not exists!
21:12:49 The file /Users/gangkui/wwwroot/www/www.sephp.com/sephp/library/sephp/exceptions.php is not exists!
21:12:49 controler file ctl_index.php is not exists!
21:13:05 The file sdsd/Users/gangkui/wwwroot/www/www.sephp.com/sephp/library/sephp/exceptions.php is not exists!
21:13:05 controler file ctl_index.php is not exists!
21:13:13 The file /Users/gangkui/wwwroot/www/www.sephp.com/sephp/library/sephp/exceptions.php is not exists!
21:13:13 controler file ctl_index.php is not exists!
21:13:24 The file /Users/gangkui/wwwroot/www/www.sephp.com/sephp/library/sephp/exceptions.php is not exists!
21:13:24 controler file ctl_index.php is not exists!
21:14:01 The file /Users/gangkui/wwwroot/www/www.sephp.com/sephp/library/sephp/exceptions.php is not exists!
21:14:01 controler file ctl_index.php is not exists!
21:16:04 The file /Users/gangkui/wwwroot/www/www.sephp.com/sephp/library/sephp/exceptions.php is not exists!
21:16:04 controler file ctl_index.php is not exists!
21:16:10 The file /Users/gangkui/wwwroot/www/www.sephp.com/sephp/library/sephp/exceptions.php is not exists!
21:16:10 controler file ctl_index.php is not exists!
